apps/app/.android/plugins_build_output/camera_android_camerax/outputs/logs/manifest-merger-release-report.txt
-- Merging decision tree log ---
manifest
ADDED from src/main/AndroidManifest.xml:1:1-8:12
INJECTED from src/main/AndroidManifest.xml:1:1-8:12
	package
		ADDED from src/main/AndroidManifest.xml:2:3-39
		INJECTED from src/main/AndroidManifest.xml
	xmlns:android
		ADDED from src/main/AndroidManifest.xml:1:11-69
uses-feature#android.hardware.camera.any
ADDED from src/main/AndroidManifest.xml:3:3-62
	android:name
		ADDED from src/main/AndroidManifest.xml:3:17-59
uses-permission#android.permission.CAMERA
ADDED from src/main/AndroidManifest.xml:4:3-63
	android:name
		ADDED from src/main/AndroidManifest.xml:4:20-60
uses-permission#android.permission.RECORD_AUDIO
ADDED from src/main/AndroidManifest.xml:5:3-69
	android:name
		ADDED from src/main/AndroidManifest.xml:5:20-66
uses-permission#android.permission.WRITE_EXTERNAL_STORAGE
ADDED from src/main/AndroidManifest.xml:6:3-7:34
	android:maxSdkVersion
		ADDED from src/main/AndroidManifest.xml:7:5-31
	android:name
		ADDED from src/main/AndroidManifest.xml:6:20-76
uses-sdk
INJECTED from src/main/AndroidManifest.xml reason: use-sdk injection requested
INJECTED from src/main/AndroidManifest.xml
INJECTED from src/main/AndroidManifest.xml
	android:targetSdkVersion
		INJECTED from src/main/AndroidManifest.xml
	android:minSdkVersion
		INJECTED from src/main/AndroidManifest.xml